This file contains any messages produced by compilers while
running configure, to aid debugging if configure makes a mistake.

It was created by EXIF library configure 0.6.21, which was
generated by GNU Autoconf 2.68.  Invocation command line was

  $ ./configure 

## --------- ##
## Platform. ##
## --------- ##

<<<<<<< HEAD
hostname = SMILESQLWEB
uname -m = i686
uname -r = 1.7.17(0.262/5/3)
uname -s = CYGWIN_NT-6.1-WOW64
uname -v = 2012-10-19 14:39

/usr/bin/uname -p = unknown
/bin/uname -X     = unknown

/bin/arch              = i686
/usr/bin/arch -k       = unknown
/usr/convex/getsysinfo = unknown
/usr/bin/hostinfo      = unknown
=======
hostname = serenity.local
uname -m = x86_64
uname -r = 12.3.0
uname -s = Darwin
uname -v = Darwin Kernel Version 12.3.0: Sun Jan  6 22:37:10 PST 2013; root:xnu-2050.22.13~1/RELEASE_X86_64

/usr/bin/uname -p = i386
/bin/uname -X     = unknown

/bin/arch              = unknown
/usr/bin/arch -k       = unknown
/usr/convex/getsysinfo = unknown
/usr/bin/hostinfo      = Mach kernel version:
	 Darwin Kernel Version 12.3.0: Sun Jan  6 22:37:10 PST 2013; root:xnu-2050.22.13~1/RELEASE_X86_64
Kernel configured for up to 8 processors.
4 processors are physically available.
8 processors are logically available.
Processor type: i486 (Intel 80486)
Processors active: 0 1 2 3 4 5 6 7
Primary memory available: 8.00 gigabytes
Default processor set: 182 tasks, 1008 threads, 8 processors
Load average: 0.85, Mach factor: 7.13
>>>>>>> remotes/origin/cport
/bin/machine           = unknown
/usr/bin/oslevel       = unknown
/bin/universe          = unknown

<<<<<<< HEAD
PATH: /usr/local/bin
PATH: /usr/bin
PATH: /cygdrive/c/Windows/system32
PATH: /cygdrive/c/Windows
PATH: /cygdrive/c/Windows/System32/Wbem
PATH: /cygdrive/c/Windows/System32/WindowsPowerShell/v1.0
PATH: /cygdrive/c/Program Files (x86)/Microsoft SQL Server/100/Tools/Binn
PATH: /cygdrive/c/Program Files/Microsoft SQL Server/100/Tools/Binn
PATH: /cygdrive/c/Program Files/Microsoft SQL Server/100/DTS/Binn
PATH: /cygdrive/c/Program Files (x86)/Microsoft SQL Server/100/Tools/Binn/VSShell/Common7/IDE
PATH: /cygdrive/c/Program Files (x86)/Microsoft Visual Studio 9.0/Common7/IDE/PrivateAssemblies
PATH: /cygdrive/c/Program Files (x86)/Microsoft SQL Server/100/DTS/Binn
PATH: /cygdrive/c/Program Files/Microsoft/Web Platform Installer
PATH: /cygdrive/c/Program Files (x86)/Microsoft ASP.NET/ASP.NET Web Pages/v1.0
PATH: /cygdrive/c/Program Files/Microsoft SQL Server/110/Tools/Binn
PATH: /cygdrive/c/Users/dev13/Downloads/opencv/build/x64/vc10/bin
PATH: /cygdrive/c/Program Files/TortoiseGit/bin
PATH: /cygdrive/c/Program Files (x86)/Git/cmd
=======
PATH: /usr/bin
PATH: /bin
PATH: /usr/sbin
PATH: /sbin
PATH: /usr/local/bin
PATH: /opt/X11/bin
PATH: /usr/local/mysql/bin
PATH: /usr/local/smlnj-110.75/bin
>>>>>>> remotes/origin/cport


## ----------- ##
## Core tests. ##
## ----------- ##

configure:2201: checking for a BSD-compatible install
configure:2269: result: /usr/bin/install -c
configure:2280: checking whether build environment is sane
configure:2330: result: yes
configure:2471: checking for a thread-safe mkdir -p
<<<<<<< HEAD
configure:2510: result: /usr/bin/mkdir -p
configure:2523: checking for gawk
configure:2539: found /usr/bin/gawk
configure:2550: result: gawk
=======
configure:2510: result: ./install-sh -c -d
configure:2523: checking for gawk
configure:2553: result: no
configure:2523: checking for mawk
configure:2553: result: no
configure:2523: checking for nawk
configure:2553: result: no
configure:2523: checking for awk
configure:2539: found /usr/bin/awk
configure:2550: result: awk
>>>>>>> remotes/origin/cport
configure:2561: checking whether make sets $(MAKE)
configure:2583: result: yes
configure:2664: checking whether to enable maintainer-specific portions of Makefiles
configure:2673: result: no
configure:2726: checking for POSIX sh $() command substitution
configure:2730: result: yes
configure:2841: checking for gcc
configure:2857: found /usr/bin/gcc
configure:2868: result: gcc
configure:3097: checking for C compiler version
configure:3106: gcc --version >&5
<<<<<<< HEAD
gcc (GCC) 3.4.4 (cygming special, gdc 0.12, using dmd 0.125)
Copyright (C) 2004 Free Software Foundation, Inc.
=======
i686-apple-darwin11-llvm-gcc-4.2 (GCC) 4.2.1 (Based on Apple Inc. build 5658) (LLVM build 2336.11.00)
Copyright (C) 2007 Free Software Foundation, Inc.
>>>>>>> remotes/origin/cport
This is free software; see the source for copying conditions.  There is NO
warranty; not even for MERCHANTABILITY or FITNESS FOR A PARTICULAR PURPOSE.

configure:3117: $? = 0
configure:3106: gcc -v >&5
<<<<<<< HEAD
Reading specs from /usr/lib/gcc/i686-pc-cygwin/3.4.4/specs
Configured with: /managed/gcc-build/final-v3-bootstrap/gcc-3.4.4-999/configure --verbose --program-suffix=-3 --prefix=/usr --exec-prefix=/usr --sysconfdir=/etc --libdir=/usr/lib --libexecdir=/usr/lib --mandir=/usr/share/man --infodir=/usr/share/info --enable-languages=c,ada,c++,d,f77,pascal,java,objc --enable-nls --without-included-gettext --enable-version-specific-runtime-libs --without-x --enable-libgcj --disable-java-awt --with-system-zlib --enable-interpreter --disable-libgcj-debug --enable-threads=posix --enable-java-gc=boehm --disable-win32-registry --enable-sjlj-exceptions --enable-hash-synchronization --enable-libstdcxx-debug
Thread model: posix
gcc version 3.4.4 (cygming special, gdc 0.12, using dmd 0.125)
configure:3117: $? = 0
configure:3106: gcc -V >&5
gcc: `-V' option must have argument
configure:3117: $? = 1
configure:3106: gcc -qversion >&5
gcc: unrecognized option `-qversion'
gcc: no input files
configure:3117: $? = 1
configure:3137: checking whether the C compiler works
configure:3159: gcc    conftest.c  >&5
configure:3163: $? = 0
configure:3211: result: yes
configure:3214: checking for C compiler default output file name
configure:3216: result: a.exe
configure:3222: checking for suffix of executables
configure:3229: gcc -o conftest.exe    conftest.c  >&5
configure:3233: $? = 0
configure:3255: result: .exe
configure:3277: checking whether we are cross compiling
configure:3285: gcc -o conftest.exe    conftest.c  >&5
configure:3289: $? = 0
configure:3296: ./conftest.exe
configure:3300: $? = 0
configure:3315: result: no
configure:3320: checking for suffix of object files
configure:3342: gcc -c   conftest.c >&5
configure:3346: $? = 0
configure:3367: result: o
configure:3371: checking whether we are using the GNU C compiler
configure:3390: gcc -c   conftest.c >&5
=======
Using built-in specs.
Target: i686-apple-darwin11
Configured with: /private/var/tmp/llvmgcc42/llvmgcc42-2336.11~148/src/configure --disable-checking --enable-werror --prefix=/Applications/Xcode.app/Contents/Developer/usr/llvm-gcc-4.2 --mandir=/share/man --enable-languages=c,objc,c++,obj-c++ --program-prefix=llvm- --program-transform-name=/^[cg][^.-]*$/s/$/-4.2/ --with-slibdir=/usr/lib --build=i686-apple-darwin11 --enable-llvm=/private/var/tmp/llvmgcc42/llvmgcc42-2336.11~148/dst-llvmCore/Developer/usr/local --program-prefix=i686-apple-darwin11- --host=x86_64-apple-darwin11 --target=i686-apple-darwin11 --with-gxx-include-dir=/usr/include/c++/4.2.1
Thread model: posix
gcc version 4.2.1 (Based on Apple Inc. build 5658) (LLVM build 2336.11.00)
configure:3117: $? = 0
configure:3106: gcc -V >&5
llvm-gcc-4.2: argument to `-V' is missing
configure:3117: $? = 1
configure:3106: gcc -qversion >&5
i686-apple-darwin11-llvm-gcc-4.2: no input files
configure:3117: $? = 1
configure:3137: checking whether the C compiler works
configure:3159: gcc -arch i386   conftest.c  >&5
configure:3163: $? = 0
configure:3211: result: yes
configure:3214: checking for C compiler default output file name
configure:3216: result: a.out
configure:3222: checking for suffix of executables
configure:3229: gcc -o conftest -arch i386   conftest.c  >&5
configure:3233: $? = 0
configure:3255: result: 
configure:3277: checking whether we are cross compiling
configure:3285: gcc -o conftest -arch i386   conftest.c  >&5
configure:3289: $? = 0
configure:3296: ./conftest
configure:3300: $? = 0
configure:3315: result: no
configure:3320: checking for suffix of object files
configure:3342: gcc -c -arch i386  conftest.c >&5
configure:3346: $? = 0
configure:3367: result: o
configure:3371: checking whether we are using the GNU C compiler
configure:3390: gcc -c -arch i386  conftest.c >&5
>>>>>>> remotes/origin/cport
configure:3390: $? = 0
configure:3399: result: yes
configure:3408: checking whether gcc accepts -g
configure:3428: gcc -c -g  conftest.c >&5
configure:3428: $? = 0
configure:3469: result: yes
configure:3486: checking for gcc option to accept ISO C89
<<<<<<< HEAD
configure:3550: gcc  -c -g -O2  conftest.c >&5
=======
configure:3550: gcc  -c -arch i386  conftest.c >&5
>>>>>>> remotes/origin/cport
configure:3550: $? = 0
configure:3563: result: none needed
configure:3594: checking for style of include used by make
configure:3622: result: GNU
configure:3647: checking dependency style of gcc
configure:3757: result: gcc3
configure:3773: checking for an ANSI C-conforming const
<<<<<<< HEAD
configure:3838: gcc -c -g -O2  conftest.c >&5
configure:3838: $? = 0
configure:3845: result: yes
configure:3853: checking for inline
configure:3869: gcc -c -g -O2  conftest.c >&5
configure:3869: $? = 0
configure:3877: result: inline
configure:3924: checking build system type
configure:3938: result: i686-pc-cygwin
configure:3958: checking host system type
configure:3971: result: i686-pc-cygwin
=======
configure:3838: gcc -c -arch i386  conftest.c >&5
configure:3838: $? = 0
configure:3845: result: yes
configure:3853: checking for inline
configure:3869: gcc -c -arch i386  conftest.c >&5
configure:3869: $? = 0
configure:3877: result: inline
configure:3924: checking build system type
configure:3938: result: x86_64-apple-darwin12.3.0
configure:3958: checking host system type
configure:3971: result: x86_64-apple-darwin12.3.0
>>>>>>> remotes/origin/cport
configure:4012: checking how to print strings
configure:4039: result: printf
configure:4060: checking for a sed that does not truncate output
configure:4124: result: /usr/bin/sed
configure:4142: checking for grep that handles long lines and -e
configure:4200: result: /usr/bin/grep
configure:4205: checking for egrep
configure:4267: result: /usr/bin/grep -E
configure:4272: checking for fgrep
configure:4334: result: /usr/bin/grep -F
configure:4369: checking for ld used by gcc
<<<<<<< HEAD
configure:4436: result: /usr/i686-pc-cygwin/bin/ld.exe
configure:4443: checking if the linker (/usr/i686-pc-cygwin/bin/ld.exe) is GNU ld
configure:4458: result: yes
configure:4470: checking for BSD- or MS-compatible name lister (nm)
configure:4519: result: /usr/bin/nm -B
configure:4649: checking the name lister (/usr/bin/nm -B) interface
configure:4656: gcc -c -g -O2  conftest.c >&5
configure:4659: /usr/bin/nm -B "conftest.o"
configure:4662: output
00000000 b .bss
00000000 d .data
00000000 N .stab
00000000 N .stabstr
00000000 t .text
00000000 B _some_variable
=======
configure:4436: result: /usr/llvm-gcc-4.2/libexec/gcc/i686-apple-darwin11/4.2.1/ld
configure:4443: checking if the linker (/usr/llvm-gcc-4.2/libexec/gcc/i686-apple-darwin11/4.2.1/ld) is GNU ld
configure:4458: result: no
configure:4470: checking for BSD- or MS-compatible name lister (nm)
configure:4519: result: /usr/bin/nm
configure:4649: checking the name lister (/usr/bin/nm) interface
configure:4656: gcc -c -arch i386  conftest.c >&5
configure:4659: /usr/bin/nm "conftest.o"
configure:4662: output
00000000 S _some_variable
>>>>>>> remotes/origin/cport
configure:4669: result: BSD nm
configure:4672: checking whether ln -s works
configure:4676: result: yes
configure:4684: checking the maximum length of command line arguments
<<<<<<< HEAD
configure:4809: result: 8192
=======
configure:4809: result: 196608
>>>>>>> remotes/origin/cport
configure:4826: checking whether the shell understands some XSI constructs
configure:4836: result: yes
configure:4840: checking whether the shell understands "+="
configure:4846: result: yes
<<<<<<< HEAD
configure:4881: checking how to convert i686-pc-cygwin file names to i686-pc-cygwin format
configure:4921: result: func_convert_file_noop
configure:4928: checking how to convert i686-pc-cygwin file names to toolchain format
configure:4948: result: func_convert_file_noop
configure:4955: checking for /usr/i686-pc-cygwin/bin/ld.exe option to reload object files
configure:4962: result: -r
configure:5036: checking for objdump
configure:5052: found /usr/bin/objdump
configure:5063: result: objdump
configure:5095: checking how to recognize dependent libraries
configure:5297: result: file_magic ^x86 archive import|^x86 DLL
configure:5382: checking for dlltool
configure:5398: found /usr/bin/dlltool
configure:5409: result: dlltool
configure:5442: checking how to associate runtime and link libraries
configure:5469: result: func_cygming_dll_for_implib
=======
configure:4881: checking how to convert x86_64-apple-darwin12.3.0 file names to x86_64-apple-darwin12.3.0 format
configure:4921: result: func_convert_file_noop
configure:4928: checking how to convert x86_64-apple-darwin12.3.0 file names to toolchain format
configure:4948: result: func_convert_file_noop
configure:4955: checking for /usr/llvm-gcc-4.2/libexec/gcc/i686-apple-darwin11/4.2.1/ld option to reload object files
configure:4962: result: -r
configure:5036: checking for objdump
configure:5066: result: no
configure:5095: checking how to recognize dependent libraries
configure:5297: result: pass_all
configure:5382: checking for dlltool
configure:5412: result: no
configure:5442: checking how to associate runtime and link libraries
configure:5469: result: printf %s\n
>>>>>>> remotes/origin/cport
configure:5529: checking for ar
configure:5545: found /usr/bin/ar
configure:5556: result: ar
configure:5593: checking for archiver @FILE support
<<<<<<< HEAD
configure:5610: gcc -c -g -O2  conftest.c >&5
configure:5610: $? = 0
configure:5613: ar cru libconftest.a @conftest.lst >&5
configure:5616: $? = 0
configure:5621: ar cru libconftest.a @conftest.lst >&5
ar: conftest.o: No such file or directory
configure:5624: $? = 1
configure:5636: result: @
=======
configure:5610: gcc -c -arch i386  conftest.c >&5
configure:5610: $? = 0
configure:5613: ar cru libconftest.a @conftest.lst >&5
ar: @conftest.lst: No such file or directory
configure:5616: $? = 1
configure:5636: result: no
>>>>>>> remotes/origin/cport
configure:5694: checking for strip
configure:5710: found /usr/bin/strip
configure:5721: result: strip
configure:5793: checking for ranlib
configure:5809: found /usr/bin/ranlib
configure:5820: result: ranlib
<<<<<<< HEAD
configure:5922: checking command to parse /usr/bin/nm -B output from gcc object
configure:6041: gcc -c -g -O2  conftest.c >&5
configure:6044: $? = 0
configure:6048: /usr/bin/nm -B conftest.o \| sed -n -e 's/^.*[ ]\([ABCDGIRSTW][ABCDGIRSTW]*\)[ ][ ]*\([_A-Za-z][_A-Za-z0-9]*\)$/\1 \2 \2/p' | sed '/ __gnu_lto/d' \> conftest.nm
configure:6051: $? = 0
cannot find nm_test_var in conftest.nm
configure:6041: gcc -c -g -O2  conftest.c >&5
configure:6044: $? = 0
configure:6048: /usr/bin/nm -B conftest.o \| sed -n -e 's/^.*[ ]\([ABCDGIRSTW][ABCDGIRSTW]*\)[ ][ ]*_\([_A-Za-z][_A-Za-z0-9]*\)$/\1 _\2 \2/p' | sed '/ __gnu_lto/d' \> conftest.nm
configure:6051: $? = 0
configure:6117: gcc -o conftest.exe -g -O2   conftest.c conftstm.o >&5
=======
configure:5922: checking command to parse /usr/bin/nm output from gcc object
configure:6041: gcc -c -arch i386  conftest.c >&5
configure:6044: $? = 0
configure:6048: /usr/bin/nm conftest.o \| sed -n -e 's/^.*[ ]\([BCDEGRST][BCDEGRST]*\)[ ][ ]*\([_A-Za-z][_A-Za-z0-9]*\)$/\1 \2 \2/p' | sed '/ __gnu_lto/d' \> conftest.nm
configure:6051: $? = 0
cannot find nm_test_var in conftest.nm
configure:6041: gcc -c -arch i386  conftest.c >&5
configure:6044: $? = 0
configure:6048: /usr/bin/nm conftest.o \| sed -n -e 's/^.*[ ]\([BCDEGRST][BCDEGRST]*\)[ ][ ]*_\([_A-Za-z][_A-Za-z0-9]*\)$/\1 _\2 \2/p' | sed '/ __gnu_lto/d' \> conftest.nm
configure:6051: $? = 0
configure:6117: gcc -o conftest -arch i386   conftest.c conftstm.o >&5
>>>>>>> remotes/origin/cport
configure:6120: $? = 0
configure:6158: result: ok
configure:6195: checking for sysroot
configure:6225: result: no
configure:6468: checking for mt
configure:6498: result: no
configure:6518: checking if : is a manifest tool
configure:6524: : '-?'
configure:6532: result: no
<<<<<<< HEAD
=======
configure:6588: checking for dsymutil
configure:6604: found /usr/bin/dsymutil
configure:6615: result: dsymutil
configure:6680: checking for nmedit
configure:6696: found /usr/bin/nmedit
configure:6707: result: nmedit
configure:6772: checking for lipo
configure:6788: found /usr/bin/lipo
configure:6799: result: lipo
configure:6864: checking for otool
configure:6880: found /usr/bin/otool
configure:6891: result: otool
configure:6956: checking for otool64
configure:6986: result: no
configure:7031: checking for -single_module linker flag
gcc -arch i386  -o libconftest.dylib -dynamiclib -Wl,-single_module conftest.c
configure:7058: result: yes
configure:7060: checking for -exported_symbols_list linker flag
configure:7080: gcc -o conftest -arch i386   -Wl,-exported_symbols_list,conftest.sym conftest.c  >&5
configure:7080: $? = 0
configure:7090: result: yes
configure:7092: checking for -force_load linker flag
gcc -arch i386 -c -o conftest.o conftest.c
ar cru libconftest.a conftest.o
ranlib libconftest.a
gcc -arch i386  -o conftest conftest.c -Wl,-force_load,./libconftest.a
configure:7122: result: yes
>>>>>>> remotes/origin/cport
configure:7164: checking how to run the C preprocessor
configure:7195: gcc -E  conftest.c
configure:7195: $? = 0
configure:7209: gcc -E  conftest.c
<<<<<<< HEAD
conftest.c:11:28: ac_nonexistent.h: No such file or directory
=======
conftest.c:11:28: error: ac_nonexistent.h: No such file or directory
>>>>>>> remotes/origin/cport
configure:7209: $? = 1
configure: failed program was:
| /* confdefs.h */
| #define PACKAGE_NAME "EXIF library"
| #define PACKAGE_TARNAME "libexif"
| #define PACKAGE_VERSION "0.6.21"
| #define PACKAGE_STRING "EXIF library 0.6.21"
| #define PACKAGE_BUGREPORT "libexif-devel@lists.sourceforge.net"
| #define PACKAGE_URL ""
| #define PACKAGE "libexif"
| #define VERSION "0.6.21"
| /* end confdefs.h.  */
| #include <ac_nonexistent.h>
configure:7234: result: gcc -E
configure:7254: gcc -E  conftest.c
configure:7254: $? = 0
configure:7268: gcc -E  conftest.c
<<<<<<< HEAD
conftest.c:11:28: ac_nonexistent.h: No such file or directory
=======
conftest.c:11:28: error: ac_nonexistent.h: No such file or directory
>>>>>>> remotes/origin/cport
configure:7268: $? = 1
configure: failed program was:
| /* confdefs.h */
| #define PACKAGE_NAME "EXIF library"
| #define PACKAGE_TARNAME "libexif"
| #define PACKAGE_VERSION "0.6.21"
| #define PACKAGE_STRING "EXIF library 0.6.21"
| #define PACKAGE_BUGREPORT "libexif-devel@lists.sourceforge.net"
| #define PACKAGE_URL ""
| #define PACKAGE "libexif"
| #define VERSION "0.6.21"
| /* end confdefs.h.  */
| #include <ac_nonexistent.h>
configure:7297: checking for ANSI C header files
<<<<<<< HEAD
configure:7317: gcc -c -g -O2  conftest.c >&5
configure:7317: $? = 0
configure:7390: gcc -o conftest.exe -g -O2   conftest.c  >&5
configure:7390: $? = 0
configure:7390: ./conftest.exe
configure:7390: $? = 0
configure:7401: result: yes
configure:7414: checking for sys/types.h
configure:7414: gcc -c -g -O2  conftest.c >&5
configure:7414: $? = 0
configure:7414: result: yes
configure:7414: checking for sys/stat.h
configure:7414: gcc -c -g -O2  conftest.c >&5
configure:7414: $? = 0
configure:7414: result: yes
configure:7414: checking for stdlib.h
configure:7414: gcc -c -g -O2  conftest.c >&5
configure:7414: $? = 0
configure:7414: result: yes
configure:7414: checking for string.h
configure:7414: gcc -c -g -O2  conftest.c >&5
configure:7414: $? = 0
configure:7414: result: yes
configure:7414: checking for memory.h
configure:7414: gcc -c -g -O2  conftest.c >&5
configure:7414: $? = 0
configure:7414: result: yes
configure:7414: checking for strings.h
configure:7414: gcc -c -g -O2  conftest.c >&5
configure:7414: $? = 0
configure:7414: result: yes
configure:7414: checking for inttypes.h
configure:7414: gcc -c -g -O2  conftest.c >&5
configure:7414: $? = 0
configure:7414: result: yes
configure:7414: checking for stdint.h
configure:7414: gcc -c -g -O2  conftest.c >&5
configure:7414: $? = 0
configure:7414: result: yes
configure:7414: checking for unistd.h
configure:7414: gcc -c -g -O2  conftest.c >&5
configure:7414: $? = 0
configure:7414: result: yes
configure:7428: checking for dlfcn.h
configure:7428: gcc -c -g -O2  conftest.c >&5
=======
configure:7317: gcc -c -arch i386  conftest.c >&5
configure:7317: $? = 0
configure:7390: gcc -o conftest -arch i386   conftest.c  >&5
configure:7390: $? = 0
configure:7390: ./conftest
configure:7390: $? = 0
configure:7401: result: yes
configure:7414: checking for sys/types.h
configure:7414: gcc -c -arch i386  conftest.c >&5
configure:7414: $? = 0
configure:7414: result: yes
configure:7414: checking for sys/stat.h
configure:7414: gcc -c -arch i386  conftest.c >&5
configure:7414: $? = 0
configure:7414: result: yes
configure:7414: checking for stdlib.h
configure:7414: gcc -c -arch i386  conftest.c >&5
configure:7414: $? = 0
configure:7414: result: yes
configure:7414: checking for string.h
configure:7414: gcc -c -arch i386  conftest.c >&5
configure:7414: $? = 0
configure:7414: result: yes
configure:7414: checking for memory.h
configure:7414: gcc -c -arch i386  conftest.c >&5
configure:7414: $? = 0
configure:7414: result: yes
configure:7414: checking for strings.h
configure:7414: gcc -c -arch i386  conftest.c >&5
configure:7414: $? = 0
configure:7414: result: yes
configure:7414: checking for inttypes.h
configure:7414: gcc -c -arch i386  conftest.c >&5
configure:7414: $? = 0
configure:7414: result: yes
configure:7414: checking for stdint.h
configure:7414: gcc -c -arch i386  conftest.c >&5
configure:7414: $? = 0
configure:7414: result: yes
configure:7414: checking for unistd.h
configure:7414: gcc -c -arch i386  conftest.c >&5
configure:7414: $? = 0
configure:7414: result: yes
configure:7428: checking for dlfcn.h
configure:7428: gcc -c -arch i386  conftest.c >&5
>>>>>>> remotes/origin/cport
configure:7428: $? = 0
configure:7428: result: yes
configure:7615: checking for objdir
configure:7630: result: .libs
configure:7901: checking if gcc supports -fno-rtti -fno-exceptions
<<<<<<< HEAD
configure:7919: gcc -c -g -O2  -fno-rtti -fno-exceptions conftest.c >&5
=======
configure:7919: gcc -c -arch i386  -fno-rtti -fno-exceptions conftest.c >&5
>>>>>>> remotes/origin/cport
cc1: warning: command line option "-fno-rtti" is valid for C++/ObjC++ but not for C
configure:7923: $? = 0
configure:7936: result: no
configure:8246: checking for gcc option to produce PIC
<<<<<<< HEAD
configure:8253: result: -DDLL_EXPORT -DPIC
configure:8261: checking if gcc PIC flag -DDLL_EXPORT -DPIC works
configure:8279: gcc -c -g -O2  -DDLL_EXPORT -DPIC -DPIC conftest.c >&5
configure:8283: $? = 0
configure:8296: result: yes
configure:8325: checking if gcc static flag -static works
configure:8353: result: yes
configure:8368: checking if gcc supports -c -o file.o
configure:8389: gcc -c -g -O2  -o out/conftest2.o conftest.c >&5
=======
configure:8253: result: -fno-common -DPIC
configure:8261: checking if gcc PIC flag -fno-common -DPIC works
configure:8279: gcc -c -arch i386  -fno-common -DPIC -DPIC conftest.c >&5
configure:8283: $? = 0
configure:8296: result: yes
configure:8325: checking if gcc static flag -static works
configure:8353: result: no
configure:8368: checking if gcc supports -c -o file.o
configure:8389: gcc -c -arch i386  -o out/conftest2.o conftest.c >&5
>>>>>>> remotes/origin/cport
configure:8393: $? = 0
configure:8415: result: yes
configure:8423: checking if gcc supports -c -o file.o
configure:8470: result: yes
<<<<<<< HEAD
configure:8503: checking whether the gcc linker (/usr/i686-pc-cygwin/bin/ld.exe) supports shared libraries
configure:9662: result: yes
configure:9699: checking whether -lc should be explicitly linked in
configure:9707: gcc -c -g -O2  conftest.c >&5
configure:9710: $? = 0
configure:9725: gcc -shared conftest.o  -v -o ./conftest -Wl,--enable-auto-image-base -Xlinker --out-implib -Xlinker conftest 2\>\&1 \| /usr/bin/grep  -lc  \>/dev/null 2\>\&1
configure:9728: $? = 1
configure:9742: result: yes
configure:9907: checking dynamic linker characteristics
configure:10665: result: Win32 ld.exe
configure:10772: checking how to hardcode library paths into programs
configure:10797: result: immediate
configure:11337: checking whether stripping libraries is possible
configure:11342: result: yes
=======
configure:8503: checking whether the gcc linker (/usr/llvm-gcc-4.2/libexec/gcc/i686-apple-darwin11/4.2.1/ld) supports shared libraries
configure:9662: result: yes
configure:9907: checking dynamic linker characteristics
configure:10665: result: darwin12.3.0 dyld
configure:10772: checking how to hardcode library paths into programs
configure:10797: result: immediate
configure:11337: checking whether stripping libraries is possible
configure:11351: result: yes
>>>>>>> remotes/origin/cport
configure:11377: checking if libtool supports shared libraries
configure:11379: result: yes
configure:11382: checking whether to build shared libraries
configure:11403: result: yes
configure:11406: checking whether to build static libraries
configure:11410: result: yes
configure:11465: checking for uint8_t in stdint.h
configure:11478: result: yes
configure:11647: checking for math functions in libm
<<<<<<< HEAD
configure:11660: gcc -o conftest.exe -g -O2   conftest.c  -lm >&5
=======
configure:11660: gcc -o conftest -arch i386   conftest.c  -lm >&5
>>>>>>> remotes/origin/cport
configure:11660: $? = 0
configure:11661: result: yes
configure:11701: checking whether to build any docs
configure:11714: result: yes
configure:11735: checking main docdir
configure:11747: result: ${prefix}/share/doc (FHS style)
configure:11759: checking package docdir
configure:11770: result: ${prefix}/share/doc/libexif (default style)
configure:11779: checking for dot
<<<<<<< HEAD
configure:11810: result: false
configure:11820: checking for doxygen
configure:11851: result: false
=======
configure:11797: found /usr/local/bin/dot
configure:11810: result: /usr/local/bin/dot
configure:11820: checking for doxygen
configure:11838: found /usr/local/bin/doxygen
configure:11851: result: /usr/local/bin/doxygen
>>>>>>> remotes/origin/cport
configure:11911: checking whether to create internal code docs
configure:11913: result: no
configure:11943: checking whether NLS is requested
configure:11952: result: yes
configure:11990: checking for msgfmt
<<<<<<< HEAD
configure:12024: result: no
configure:12030: checking for gmsgfmt
configure:12061: result: :
configure:12101: checking for xgettext
configure:12135: result: no
configure:12172: checking for msgmerge
configure:12205: result: no
configure:12258: checking for po/Makevars requiring hack
configure:12265: result: no
configure:12310: checking for ld used by GCC
configure:12374: result: /usr/i686-pc-cygwin/bin/ld.exe
configure:12381: checking if the linker (/usr/i686-pc-cygwin/bin/ld.exe) is GNU ld
configure:12394: result: yes
=======
configure:12021: result: /usr/local/bin/msgfmt
configure:12030: checking for gmsgfmt
configure:12061: result: /usr/local/bin/msgfmt
configure:12101: checking for xgettext
configure:12132: result: /usr/local/bin/xgettext
configure:12172: checking for msgmerge
configure:12202: result: /usr/local/bin/msgmerge
configure:12258: checking for po/Makevars requiring hack
configure:12265: result: no
configure:12310: checking for ld used by GCC
configure:12374: result: /usr/llvm-gcc-4.2/libexec/gcc/i686-apple-darwin11/4.2.1/ld
configure:12381: checking if the linker (/usr/llvm-gcc-4.2/libexec/gcc/i686-apple-darwin11/4.2.1/ld) is GNU ld
configure:12394: result: no
>>>>>>> remotes/origin/cport
configure:12400: checking for shared library run path origin
configure:12413: result: done
configure:12829: checking whether NLS is requested
configure:12838: result: yes
configure:12856: checking for GNU gettext in libc
<<<<<<< HEAD
configure:12875: gcc -o conftest.exe -g -O2   conftest.c  -lm >&5
/tmp/ccYyi0g0.o: In function `main':
/cygdrive/c/Users/dev13/Downloads/libexif-0.6.21/conftest.c:29: undefined reference to `_libintl_bindtextdomain'
/cygdrive/c/Users/dev13/Downloads/libexif-0.6.21/conftest.c:30: undefined reference to `_libintl_gettext'
/cygdrive/c/Users/dev13/Downloads/libexif-0.6.21/conftest.c:30: undefined reference to `__nl_msg_cat_cntr'
/cygdrive/c/Users/dev13/Downloads/libexif-0.6.21/conftest.c:30: undefined reference to `__nl_domain_bindings'
=======
configure:12875: gcc -o conftest -arch i386   conftest.c  -lm >&5
Undefined symbols for architecture i386:
  "__nl_domain_bindings", referenced from:
      _main in cck6WcyL.o
  "__nl_msg_cat_cntr", referenced from:
      _main in cck6WcyL.o
  "_libintl_bindtextdomain", referenced from:
      _main in cck6WcyL.o
  "_libintl_gettext", referenced from:
      _main in cck6WcyL.o
ld: symbol(s) not found for architecture i386
>>>>>>> remotes/origin/cport
collect2: ld returned 1 exit status
configure:12875: $? = 1
configure: failed program was:
| /* confdefs.h */
| #define PACKAGE_NAME "EXIF library"
| #define PACKAGE_TARNAME "libexif"
| #define PACKAGE_VERSION "0.6.21"
| #define PACKAGE_STRING "EXIF library 0.6.21"
| #define PACKAGE_BUGREPORT "libexif-devel@lists.sourceforge.net"
| #define PACKAGE_URL ""
| #define PACKAGE "libexif"
| #define VERSION "0.6.21"
| #define STDC_HEADERS 1
| #define HAVE_SYS_TYPES_H 1
| #define HAVE_SYS_STAT_H 1
| #define HAVE_STDLIB_H 1
| #define HAVE_STRING_H 1
| #define HAVE_MEMORY_H 1
| #define HAVE_STRINGS_H 1
| #define HAVE_INTTYPES_H 1
| #define HAVE_STDINT_H 1
| #define HAVE_UNISTD_H 1
| #define HAVE_DLFCN_H 1
| #define LT_OBJDIR ".libs/"
| /* end confdefs.h.  */
| #include <libintl.h>
| extern int _nl_msg_cat_cntr;
| extern int *_nl_domain_bindings;
| int
| main ()
| {
| bindtextdomain ("", "");
| return (int) gettext ("") + _nl_msg_cat_cntr + *_nl_domain_bindings
|   ;
|   return 0;
| }
configure:12883: result: no
configure:12917: checking for iconv
<<<<<<< HEAD
configure:12939: gcc -o conftest.exe -g -O2   conftest.c  -lm >&5
conftest.c:24:19: iconv.h: No such file or directory
conftest.c: In function `main':
conftest.c:28: error: `iconv_t' undeclared (first use in this function)
conftest.c:28: error: (Each undeclared identifier is reported only once
conftest.c:28: error: for each function it appears in.)
conftest.c:28: error: parse error before "cd"
conftest.c:29: error: `cd' undeclared (first use in this function)
=======
configure:12939: gcc -o conftest -arch i386   conftest.c  -lm >&5
Undefined symbols for architecture i386:
  "_iconv", referenced from:
      _main in ccS1Nsaq.o
  "_iconv_close", referenced from:
      _main in ccS1Nsaq.o
  "_iconv_open", referenced from:
      _main in ccS1Nsaq.o
ld: symbol(s) not found for architecture i386
collect2: ld returned 1 exit status
>>>>>>> remotes/origin/cport
configure:12939: $? = 1
configure: failed program was:
| /* confdefs.h */
| #define PACKAGE_NAME "EXIF library"
| #define PACKAGE_TARNAME "libexif"
| #define PACKAGE_VERSION "0.6.21"
| #define PACKAGE_STRING "EXIF library 0.6.21"
| #define PACKAGE_BUGREPORT "libexif-devel@lists.sourceforge.net"
| #define PACKAGE_URL ""
| #define PACKAGE "libexif"
| #define VERSION "0.6.21"
| #define STDC_HEADERS 1
| #define HAVE_SYS_TYPES_H 1
| #define HAVE_SYS_STAT_H 1
| #define HAVE_STDLIB_H 1
| #define HAVE_STRING_H 1
| #define HAVE_MEMORY_H 1
| #define HAVE_STRINGS_H 1
| #define HAVE_INTTYPES_H 1
| #define HAVE_STDINT_H 1
| #define HAVE_UNISTD_H 1
| #define HAVE_DLFCN_H 1
| #define LT_OBJDIR ".libs/"
| /* end confdefs.h.  */
| #include <stdlib.h>
| #include <iconv.h>
| int
| main ()
| {
| iconv_t cd = iconv_open("","");
|        iconv(cd,NULL,NULL,NULL,NULL);
|        iconv_close(cd);
|   ;
|   return 0;
| }
<<<<<<< HEAD
configure:12961: gcc -o conftest.exe -g -O2   conftest.c  -lm -liconv >&5
conftest.c:24:19: iconv.h: No such file or directory
conftest.c: In function `main':
conftest.c:28: error: `iconv_t' undeclared (first use in this function)
conftest.c:28: error: (Each undeclared identifier is reported only once
conftest.c:28: error: for each function it appears in.)
conftest.c:28: error: parse error before "cd"
conftest.c:29: error: `cd' undeclared (first use in this function)
configure:12961: $? = 1
=======
configure:12961: gcc -o conftest -arch i386   conftest.c  -lm -liconv >&5
configure:12961: $? = 0
configure:12971: result: yes
configure:12979: checking how to link with libiconv
configure:12981: result: -liconv
configure:13370: checking for GNU gettext in libintl
configure:13397: gcc -o conftest -arch i386  -I/usr/local/include  conftest.c  -lm -L/usr/local/lib -lintl -liconv -lc >&5
ld: warning: ignoring file /usr/local/lib/libintl.dylib, file was built for unsupported file format ( 0xcf 0xfa 0xed 0xfe 0x 7 0x 0 0x 0 0x 1 0x 3 0x 0 0x 0 0x 0 0x 6 0x 0 0x 0 0x 0 ) which is not the architecture being linked (i386): /usr/local/lib/libintl.dylib
Undefined symbols for architecture i386:
  "__nl_expand_alias", referenced from:
      _main in ccCMrPwW.o
  "__nl_msg_cat_cntr", referenced from:
      _main in ccCMrPwW.o
  "_libintl_bindtextdomain", referenced from:
      _main in ccCMrPwW.o
  "_libintl_gettext", referenced from:
      _main in ccCMrPwW.o
ld: symbol(s) not found for architecture i386
collect2: ld returned 1 exit status
configure:13397: $? = 1
>>>>>>> remotes/origin/cport
configure: failed program was:
| /* confdefs.h */
| #define PACKAGE_NAME "EXIF library"
| #define PACKAGE_TARNAME "libexif"
| #define PACKAGE_VERSION "0.6.21"
| #define PACKAGE_STRING "EXIF library 0.6.21"
| #define PACKAGE_BUGREPORT "libexif-devel@lists.sourceforge.net"
| #define PACKAGE_URL ""
| #define PACKAGE "libexif"
| #define VERSION "0.6.21"
| #define STDC_HEADERS 1
| #define HAVE_SYS_TYPES_H 1
| #define HAVE_SYS_STAT_H 1
| #define HAVE_STDLIB_H 1
| #define HAVE_STRING_H 1
| #define HAVE_MEMORY_H 1
| #define HAVE_STRINGS_H 1
| #define HAVE_INTTYPES_H 1
| #define HAVE_STDINT_H 1
| #define HAVE_UNISTD_H 1
| #define HAVE_DLFCN_H 1
| #define LT_OBJDIR ".libs/"
<<<<<<< HEAD
| /* end confdefs.h.  */
| #include <stdlib.h>
| #include <iconv.h>
| int
| main ()
| {
| iconv_t cd = iconv_open("","");
|          iconv(cd,NULL,NULL,NULL,NULL);
|          iconv_close(cd);
|   ;
|   return 0;
| }
configure:12971: result: no, consider installing GNU libiconv
configure:13370: checking for GNU gettext in libintl
configure:13397: gcc -o conftest.exe -g -O2    conftest.c  -lm -lintl >&5
configure:13397: $? = 0
configure:13436: result: yes
configure:13463: checking whether to use NLS
configure:13465: result: yes
configure:13468: checking where the gettext function comes from
configure:13479: result: external libintl
configure:13487: checking how to link with libintl
configure:13489: result: -lintl
configure:13566: checking for iconv
configure:13620: result: no, consider installing GNU libiconv
configure:13727: checking for localtime_r
configure:13727: gcc -o conftest.exe -g -O2   conftest.c  -lm >&5
=======
| #define HAVE_ICONV 1
| /* end confdefs.h.  */
| #include <libintl.h>
| extern int _nl_msg_cat_cntr;
| extern
| #ifdef __cplusplus
| "C"
| #endif
| const char *_nl_expand_alias ();
| int
| main ()
| {
| bindtextdomain ("", "");
| return (int) gettext ("") + _nl_msg_cat_cntr + *_nl_expand_alias (0)
|   ;
|   return 0;
| }
configure:13424: gcc -o conftest -arch i386  -I/usr/local/include  conftest.c  -lm -L/usr/local/lib -lintl -liconv -lc -liconv >&5
ld: warning: ignoring file /usr/local/lib/libintl.dylib, file was built for unsupported file format ( 0xcf 0xfa 0xed 0xfe 0x 7 0x 0 0x 0 0x 1 0x 3 0x 0 0x 0 0x 0 0x 6 0x 0 0x 0 0x 0 ) which is not the architecture being linked (i386): /usr/local/lib/libintl.dylib
Undefined symbols for architecture i386:
  "__nl_expand_alias", referenced from:
      _main in ccg8ZxVp.o
  "__nl_msg_cat_cntr", referenced from:
      _main in ccg8ZxVp.o
  "_libintl_bindtextdomain", referenced from:
      _main in ccg8ZxVp.o
  "_libintl_gettext", referenced from:
      _main in ccg8ZxVp.o
ld: symbol(s) not found for architecture i386
collect2: ld returned 1 exit status
configure:13424: $? = 1
configure: failed program was:
| /* confdefs.h */
| #define PACKAGE_NAME "EXIF library"
| #define PACKAGE_TARNAME "libexif"
| #define PACKAGE_VERSION "0.6.21"
| #define PACKAGE_STRING "EXIF library 0.6.21"
| #define PACKAGE_BUGREPORT "libexif-devel@lists.sourceforge.net"
| #define PACKAGE_URL ""
| #define PACKAGE "libexif"
| #define VERSION "0.6.21"
| #define STDC_HEADERS 1
| #define HAVE_SYS_TYPES_H 1
| #define HAVE_SYS_STAT_H 1
| #define HAVE_STDLIB_H 1
| #define HAVE_STRING_H 1
| #define HAVE_MEMORY_H 1
| #define HAVE_STRINGS_H 1
| #define HAVE_INTTYPES_H 1
| #define HAVE_STDINT_H 1
| #define HAVE_UNISTD_H 1
| #define HAVE_DLFCN_H 1
| #define LT_OBJDIR ".libs/"
| #define HAVE_ICONV 1
| /* end confdefs.h.  */
| #include <libintl.h>
| extern int _nl_msg_cat_cntr;
| extern
| #ifdef __cplusplus
| "C"
| #endif
| const char *_nl_expand_alias ();
| int
| main ()
| {
| bindtextdomain ("", "");
| return (int) gettext ("") + _nl_msg_cat_cntr + *_nl_expand_alias (0)
|   ;
|   return 0;
| }
configure:13436: result: no
configure:13463: checking whether to use NLS
configure:13465: result: no
configure:13566: checking for iconv
configure:13620: result: yes
configure:13628: checking how to link with libiconv
configure:13630: result: -liconv
configure:13641: checking for iconv declaration
configure:13670: gcc -c -arch i386  conftest.c >&5
configure:13670: $? = 0
configure:13681: result: 
         extern size_t iconv (iconv_t cd, char * *inbuf, size_t *inbytesleft, char * *outbuf, size_t *outbytesleft);
configure:13727: checking for localtime_r
configure:13727: gcc -o conftest -arch i386   conftest.c  -lm >&5
>>>>>>> remotes/origin/cport
configure:13727: $? = 0
configure:13727: result: yes
configure:13909: creating ./config.status

## ---------------------- ##
## Running config.status. ##
## ---------------------- ##

This file was extended by EXIF library config.status 0.6.21, which was
generated by GNU Autoconf 2.68.  Invocation command line was

  CONFIG_FILES    = 
  CONFIG_HEADERS  = 
  CONFIG_LINKS    = 
  CONFIG_COMMANDS = 
  $ ./config.status 

<<<<<<< HEAD
on SMILESQLWEB

config.status:1168: creating po/Makefile.in
config.status:1276: WARNING:  'po/Makefile.in.in' seems to ignore the --datarootdir setting
config.status:1168: creating Makefile
config.status:1168: creating libexif.spec
config.status:1168: creating libexif/Makefile
config.status:1168: creating test/Makefile
config.status:1168: creating test/nls/Makefile
config.status:1168: creating m4m/Makefile
config.status:1168: creating doc/Makefile
config.status:1168: creating doc/Doxyfile
config.status:1168: creating doc/Doxyfile-internals
config.status:1168: creating libexif.pc
config.status:1168: creating libexif-uninstalled.pc
config.status:1168: creating binary/Makefile
config.status:1168: creating contrib/Makefile
config.status:1168: creating contrib/examples/Makefile
config.status:1168: creating config.h
config.status:1397: executing depfiles commands
config.status:1397: executing libtool commands
config.status:1397: executing default-1 commands
=======
on serenity.local

config.status:1152: creating po/Makefile.in
config.status:1260: WARNING:  'po/Makefile.in.in' seems to ignore the --datarootdir setting
config.status:1152: creating Makefile
config.status:1152: creating libexif.spec
config.status:1152: creating libexif/Makefile
config.status:1152: creating test/Makefile
config.status:1152: creating test/nls/Makefile
config.status:1152: creating m4m/Makefile
config.status:1152: creating doc/Makefile
config.status:1152: creating doc/Doxyfile
config.status:1152: creating doc/Doxyfile-internals
config.status:1152: creating libexif.pc
config.status:1152: creating libexif-uninstalled.pc
config.status:1152: creating binary/Makefile
config.status:1152: creating contrib/Makefile
config.status:1152: creating contrib/examples/Makefile
config.status:1152: creating config.h
config.status:1381: executing depfiles commands
config.status:1381: executing libtool commands
config.status:1381: executing default-1 commands
>>>>>>> remotes/origin/cport

## ---------------- ##
## Cache variables. ##
## ---------------- ##

<<<<<<< HEAD
ac_cv_build=i686-pc-cygwin
=======
ac_cv_build=x86_64-apple-darwin12.3.0
>>>>>>> remotes/origin/cport
ac_cv_c_compiler_gnu=yes
ac_cv_c_const=yes
ac_cv_c_inline=inline
ac_cv_env_CC_set=
ac_cv_env_CC_value=
<<<<<<< HEAD
ac_cv_env_CFLAGS_set=
ac_cv_env_CFLAGS_value=
=======
ac_cv_env_CFLAGS_set=set
ac_cv_env_CFLAGS_value='-arch i386'
>>>>>>> remotes/origin/cport
ac_cv_env_CPPFLAGS_set=
ac_cv_env_CPPFLAGS_value=
ac_cv_env_CPP_set=
ac_cv_env_CPP_value=
ac_cv_env_LDFLAGS_set=
ac_cv_env_LDFLAGS_value=
ac_cv_env_LIBS_set=
ac_cv_env_LIBS_value=
ac_cv_env_build_alias_set=
ac_cv_env_build_alias_value=
ac_cv_env_host_alias_set=
ac_cv_env_host_alias_value=
ac_cv_env_target_alias_set=
ac_cv_env_target_alias_value=
<<<<<<< HEAD
ac_cv_exeext=.exe
=======
>>>>>>> remotes/origin/cport
ac_cv_func_localtime_r=yes
ac_cv_header_dlfcn_h=yes
ac_cv_header_inttypes_h=yes
ac_cv_header_memory_h=yes
ac_cv_header_stdc=yes
ac_cv_header_stdint_h=yes
ac_cv_header_stdlib_h=yes
ac_cv_header_string_h=yes
ac_cv_header_strings_h=yes
ac_cv_header_sys_stat_h=yes
ac_cv_header_sys_types_h=yes
ac_cv_header_unistd_h=yes
<<<<<<< HEAD
ac_cv_host=i686-pc-cygwin
ac_cv_objext=o
ac_cv_path_DOT=false
ac_cv_path_DOXYGEN=false
ac_cv_path_EGREP='/usr/bin/grep -E'
ac_cv_path_FGREP='/usr/bin/grep -F'
ac_cv_path_GMSGFMT=:
ac_cv_path_GREP=/usr/bin/grep
ac_cv_path_MSGFMT=:
ac_cv_path_MSGMERGE=:
ac_cv_path_SED=/usr/bin/sed
ac_cv_path_XGETTEXT=:
ac_cv_path_install='/usr/bin/install -c'
ac_cv_path_mkdir=/usr/bin/mkdir
ac_cv_prog_AWK=gawk
ac_cv_prog_CPP='gcc -E'
ac_cv_prog_ac_ct_AR=ar
ac_cv_prog_ac_ct_CC=gcc
ac_cv_prog_ac_ct_DLLTOOL=dlltool
ac_cv_prog_ac_ct_OBJDUMP=objdump
=======
ac_cv_host=x86_64-apple-darwin12.3.0
ac_cv_objext=o
ac_cv_path_DOT=/usr/local/bin/dot
ac_cv_path_DOXYGEN=/usr/local/bin/doxygen
ac_cv_path_EGREP='/usr/bin/grep -E'
ac_cv_path_FGREP='/usr/bin/grep -F'
ac_cv_path_GMSGFMT=/usr/local/bin/msgfmt
ac_cv_path_GREP=/usr/bin/grep
ac_cv_path_MSGFMT=/usr/local/bin/msgfmt
ac_cv_path_MSGMERGE=/usr/local/bin/msgmerge
ac_cv_path_SED=/usr/bin/sed
ac_cv_path_XGETTEXT=/usr/local/bin/xgettext
ac_cv_path_install='/usr/bin/install -c'
ac_cv_prog_AWK=awk
ac_cv_prog_CPP='gcc -E'
ac_cv_prog_ac_ct_AR=ar
ac_cv_prog_ac_ct_CC=gcc
ac_cv_prog_ac_ct_DSYMUTIL=dsymutil
ac_cv_prog_ac_ct_LIPO=lipo
ac_cv_prog_ac_ct_NMEDIT=nmedit
ac_cv_prog_ac_ct_OTOOL=otool
>>>>>>> remotes/origin/cport
ac_cv_prog_ac_ct_RANLIB=ranlib
ac_cv_prog_ac_ct_STRIP=strip
ac_cv_prog_cc_c89=
ac_cv_prog_cc_g=yes
ac_cv_prog_make_make_set=yes
ac_cv_type_uint8_t=yes
acl_cv_hardcode_direct=no
<<<<<<< HEAD
acl_cv_hardcode_libdir_flag_spec='${wl}-rpath ${wl}$libdir'
acl_cv_hardcode_libdir_separator=
acl_cv_hardcode_minus_L=no
acl_cv_libext=a
acl_cv_path_LD=/usr/i686-pc-cygwin/bin/ld.exe
acl_cv_prog_gnu_ld=yes
acl_cv_rpath=done
acl_cv_shlibext=dll
acl_cv_wl=-Wl,
am_cv_CC_dependencies_compiler_type=gcc3
am_cv_func_iconv='no, consider installing GNU libiconv'
am_cv_lib_iconv=no
gt_cv_func_gnugettext1_libc=no
gt_cv_func_gnugettext1_libintl=yes
lt_cv_ar_at_file=@
lt_cv_archive_cmds_need_lc=yes
lt_cv_deplibs_check_method='file_magic ^x86 archive import|^x86 DLL'
lt_cv_file_magic_cmd=func_win32_libid
lt_cv_file_magic_test_file=
lt_cv_ld_reload_flag=-r
lt_cv_nm_interface='BSD nm'
lt_cv_objdir=.libs
lt_cv_path_LD=/usr/i686-pc-cygwin/bin/ld.exe
lt_cv_path_NM='/usr/bin/nm -B'
lt_cv_path_mainfest_tool=no
lt_cv_prog_compiler_c_o=yes
lt_cv_prog_compiler_pic='-DDLL_EXPORT -DPIC'
lt_cv_prog_compiler_pic_works=yes
lt_cv_prog_compiler_rtti_exceptions=no
lt_cv_prog_compiler_static_works=yes
lt_cv_prog_gnu_ld=yes
lt_cv_sharedlib_from_linklib_cmd=func_cygming_dll_for_implib
lt_cv_sys_global_symbol_pipe='sed -n -e '\''s/^.*[	 ]\([ABCDGIRSTW][ABCDGIRSTW]*\)[	 ][	 ]*_\([_A-Za-z][_A-Za-z0-9]*\)$/\1 _\2 \2/p'\'' | sed '\''/ __gnu_lto/d'\'''
lt_cv_sys_global_symbol_to_c_name_address='sed -n -e '\''s/^: \([^ ]*\)[ ]*$/  {\"\1\", (void *) 0},/p'\'' -e '\''s/^[ABCDGIRSTW]* \([^ ]*\) \([^ ]*\)$/  {"\2", (void *) \&\2},/p'\'''
lt_cv_sys_global_symbol_to_c_name_address_lib_prefix='sed -n -e '\''s/^: \([^ ]*\)[ ]*$/  {\"\1\", (void *) 0},/p'\'' -e '\''s/^[ABCDGIRSTW]* \([^ ]*\) \(lib[^ ]*\)$/  {"\2", (void *) \&\2},/p'\'' -e '\''s/^[ABCDGIRSTW]* \([^ ]*\) \([^ ]*\)$/  {"lib\2", (void *) \&\2},/p'\'''
lt_cv_sys_global_symbol_to_cdecl='sed -n -e '\''s/^T .* \(.*\)$/extern int \1();/p'\'' -e '\''s/^[ABCDGIRSTW]* .* \(.*\)$/extern char \1;/p'\'''
lt_cv_sys_max_cmd_len=8192
=======
acl_cv_hardcode_libdir_flag_spec=
acl_cv_hardcode_libdir_separator=
acl_cv_hardcode_minus_L=no
acl_cv_libext=a
acl_cv_path_LD=/usr/llvm-gcc-4.2/libexec/gcc/i686-apple-darwin11/4.2.1/ld
acl_cv_prog_gnu_ld=no
acl_cv_rpath=done
acl_cv_shlibext=dylib
acl_cv_wl=-Wl,
am_cv_CC_dependencies_compiler_type=gcc3
am_cv_func_iconv=yes
am_cv_lib_iconv=yes
am_cv_proto_iconv='extern size_t iconv (iconv_t cd, char * *inbuf, size_t *inbytesleft, char * *outbuf, size_t *outbytesleft);'
am_cv_proto_iconv_arg1=
gt_cv_func_gnugettext1_libc=no
gt_cv_func_gnugettext1_libintl=no
lt_cv_apple_cc_single_mod=yes
lt_cv_ar_at_file=no
lt_cv_deplibs_check_method=pass_all
lt_cv_file_magic_cmd='$MAGIC_CMD'
lt_cv_file_magic_test_file=
lt_cv_ld_exported_symbols_list=yes
lt_cv_ld_force_load=yes
lt_cv_ld_reload_flag=-r
lt_cv_nm_interface='BSD nm'
lt_cv_objdir=.libs
lt_cv_path_LD=/usr/llvm-gcc-4.2/libexec/gcc/i686-apple-darwin11/4.2.1/ld
lt_cv_path_NM=/usr/bin/nm
lt_cv_path_mainfest_tool=no
lt_cv_prog_compiler_c_o=yes
lt_cv_prog_compiler_pic='-fno-common -DPIC'
lt_cv_prog_compiler_pic_works=yes
lt_cv_prog_compiler_rtti_exceptions=no
lt_cv_prog_compiler_static_works=no
lt_cv_prog_gnu_ld=no
lt_cv_sharedlib_from_linklib_cmd='printf %s\n'
lt_cv_sys_global_symbol_pipe='sed -n -e '\''s/^.*[	 ]\([BCDEGRST][BCDEGRST]*\)[	 ][	 ]*_\([_A-Za-z][_A-Za-z0-9]*\)$/\1 _\2 \2/p'\'' | sed '\''/ __gnu_lto/d'\'''
lt_cv_sys_global_symbol_to_c_name_address='sed -n -e '\''s/^: \([^ ]*\)[ ]*$/  {\"\1\", (void *) 0},/p'\'' -e '\''s/^[BCDEGRST]* \([^ ]*\) \([^ ]*\)$/  {"\2", (void *) \&\2},/p'\'''
lt_cv_sys_global_symbol_to_c_name_address_lib_prefix='sed -n -e '\''s/^: \([^ ]*\)[ ]*$/  {\"\1\", (void *) 0},/p'\'' -e '\''s/^[BCDEGRST]* \([^ ]*\) \(lib[^ ]*\)$/  {"\2", (void *) \&\2},/p'\'' -e '\''s/^[BCDEGRST]* \([^ ]*\) \([^ ]*\)$/  {"lib\2", (void *) \&\2},/p'\'''
lt_cv_sys_global_symbol_to_cdecl='sed -n -e '\''s/^T .* \(.*\)$/extern int \1();/p'\'' -e '\''s/^[BCDEGRST]* .* \(.*\)$/extern char \1;/p'\'''
lt_cv_sys_max_cmd_len=196608
>>>>>>> remotes/origin/cport
lt_cv_to_host_file_cmd=func_convert_file_noop
lt_cv_to_tool_file_cmd=func_convert_file_noop

## ----------------- ##
## Output variables. ##
## ----------------- ##

<<<<<<< HEAD
ACLOCAL='${SHELL} /cygdrive/c/Users/dev13/Downloads/libexif-0.6.21/missing --run aclocal-1.11'
AMDEPBACKSLASH='\'
AMDEP_FALSE='#'
AMDEP_TRUE=''
AMTAR='${SHELL} /cygdrive/c/Users/dev13/Downloads/libexif-0.6.21/missing --run tar'
=======
ACLOCAL='${SHELL} /Users/bion/projects/dca/drew-face/libexif-0.6.21/missing --run aclocal-1.11'
AMDEPBACKSLASH='\'
AMDEP_FALSE='#'
AMDEP_TRUE=''
AMTAR='${SHELL} /Users/bion/projects/dca/drew-face/libexif-0.6.21/missing --run tar'
>>>>>>> remotes/origin/cport
AM_BACKSLASH='\'
AM_CPPFLAGS=' -DGETTEXT_PACKAGE=\"libexif-12\" -DLOCALEDIR=\"$(datadir)/locale\" -I$(top_srcdir) -I$(top_builddir) -g -Wall -Wmissing-declarations -Wmissing-prototypes'
AM_DEFAULT_VERBOSITY='1'
AM_LDFLAGS=' -g -Wall'
AR='ar'
<<<<<<< HEAD
AUTOCONF='${SHELL} /cygdrive/c/Users/dev13/Downloads/libexif-0.6.21/missing --run autoconf'
AUTOHEADER='${SHELL} /cygdrive/c/Users/dev13/Downloads/libexif-0.6.21/missing --run autoheader'
AUTOMAKE='${SHELL} /cygdrive/c/Users/dev13/Downloads/libexif-0.6.21/missing --run automake-1.11'
AWK='gawk'
=======
AUTOCONF='${SHELL} /Users/bion/projects/dca/drew-face/libexif-0.6.21/missing --run autoconf'
AUTOHEADER='${SHELL} /Users/bion/projects/dca/drew-face/libexif-0.6.21/missing --run autoheader'
AUTOMAKE='${SHELL} /Users/bion/projects/dca/drew-face/libexif-0.6.21/missing --run automake-1.11'
AWK='awk'
>>>>>>> remotes/origin/cport
BUILD_DOCS_FALSE='#'
BUILD_DOCS_TRUE=''
CC='gcc'
CCDEPMODE='depmode=gcc3'
<<<<<<< HEAD
CFLAGS='-g -O2'
CPP='gcc -E'
CPPFLAGS=''
CYGPATH_W='cygpath -w'
DEFS='-DHAVE_CONFIG_H'
DEPDIR='.deps'
DLLTOOL='dlltool'
DOT='false'
DOXYGEN='false'
DOXYGEN_OUTPUT_DIR='doxygen-output'
DSYMUTIL=''
DUMPBIN=''
ECHO_C=''
ECHO_N='-n'
=======
CFLAGS='-arch i386'
CPP='gcc -E'
CPPFLAGS=''
CYGPATH_W='echo'
DEFS='-DHAVE_CONFIG_H'
DEPDIR='.deps'
DLLTOOL='false'
DOT='/usr/local/bin/dot'
DOXYGEN='/usr/local/bin/doxygen'
DOXYGEN_OUTPUT_DIR='doxygen-output'
DSYMUTIL='dsymutil'
DUMPBIN=''
ECHO_C='\c'
ECHO_N=''
>>>>>>> remotes/origin/cport
ECHO_T=''
EGREP='/usr/bin/grep -E'
ENABLE_INTERNAL_DOCS_FALSE=''
ENABLE_INTERNAL_DOCS_TRUE='#'
<<<<<<< HEAD
EXEEXT='.exe'
FGREP='/usr/bin/grep -F'
GETTEXT_PACKAGE='libexif-12'
GMSGFMT=':'
GREP='/usr/bin/grep'
HAVE_DOT='NO'
HAVE_DOT_FALSE=''
HAVE_DOT_TRUE='#'
HAVE_DOXYGEN_FALSE=''
HAVE_DOXYGEN_TRUE='#'
=======
EXEEXT=''
FGREP='/usr/bin/grep -F'
GETTEXT_PACKAGE='libexif-12'
GMSGFMT='/usr/local/bin/msgfmt'
GREP='/usr/bin/grep'
HAVE_DOT='YES'
HAVE_DOT_FALSE='#'
HAVE_DOT_TRUE=''
HAVE_DOXYGEN_FALSE='#'
HAVE_DOXYGEN_TRUE=''
>>>>>>> remotes/origin/cport
HTML_APIDOC_DIR='libexif-api.html'
HTML_APIDOC_INTERNALS_DIR='libexif-internals.html'
INSTALL_DATA='${INSTALL} -m 644'
INSTALL_PROGRAM='${INSTALL}'
INSTALL_SCRIPT='${INSTALL}'
INSTALL_STRIP_PROGRAM='$(install_sh) -c -s'
<<<<<<< HEAD
INTLLIBS='-lintl'
LD='/usr/i686-pc-cygwin/bin/ld.exe'
=======
INTLLIBS=''
LD='/usr/llvm-gcc-4.2/libexec/gcc/i686-apple-darwin11/4.2.1/ld'
>>>>>>> remotes/origin/cport
LDFLAGS=''
LIBEXIF_AGE='3'
LIBEXIF_CURRENT='15'
LIBEXIF_CURRENT_MIN='12'
LIBEXIF_REVISION='3'
LIBEXIF_VERSION_INFO='15:3:3'
<<<<<<< HEAD
LIBICONV=''
LIBINTL='-lintl'
LIBOBJS=''
LIBS=' -lm'
LIBTOOL='$(SHELL) $(top_builddir)/libtool'
LIPO=''
LN_S='ln -s'
LTLIBICONV=''
LTLIBINTL='-lintl'
=======
LIBICONV='-liconv'
LIBINTL=''
LIBOBJS=''
LIBS=' -lm'
LIBTOOL='$(SHELL) $(top_builddir)/libtool'
LIPO='lipo'
LN_S='ln -s'
LTLIBICONV='-liconv'
LTLIBINTL=''
>>>>>>> remotes/origin/cport
LTLIBOBJS=''
MAINT='#'
MAINTAINER_MODE_FALSE=''
MAINTAINER_MODE_TRUE='#'
<<<<<<< HEAD
MAKEINFO='${SHELL} /cygdrive/c/Users/dev13/Downloads/libexif-0.6.21/missing --run makeinfo'
MANIFEST_TOOL=':'
MKDIR_P='/usr/bin/mkdir -p'
MKINSTALLDIRS='$(top_builddir)/./mkinstalldirs'
MSGFMT=':'
MSGMERGE=':'
NM='/usr/bin/nm -B'
NMEDIT=''
OBJDUMP='objdump'
OBJEXT='o'
OTOOL64=''
OTOOL=''
=======
MAKEINFO='${SHELL} /Users/bion/projects/dca/drew-face/libexif-0.6.21/missing --run makeinfo'
MANIFEST_TOOL=':'
MKDIR_P='./install-sh -c -d'
MKINSTALLDIRS='$(top_builddir)/./mkinstalldirs'
MSGFMT='/usr/local/bin/msgfmt'
MSGMERGE='/usr/local/bin/msgmerge'
NM='/usr/bin/nm'
NMEDIT='nmedit'
OBJDUMP='false'
OBJEXT='o'
OTOOL64=':'
OTOOL='otool'
>>>>>>> remotes/origin/cport
PACKAGE='libexif'
PACKAGE_BUGREPORT='libexif-devel@lists.sourceforge.net'
PACKAGE_NAME='EXIF library'
PACKAGE_STRING='EXIF library 0.6.21'
PACKAGE_TARNAME='libexif'
PACKAGE_URL=''
PACKAGE_VERSION='0.6.21'
PATH_SEPARATOR=':'
<<<<<<< HEAD
POSUB='po'
=======
POSUB=''
>>>>>>> remotes/origin/cport
RANLIB='ranlib'
SED='/usr/bin/sed'
SET_MAKE=''
SHELL='/bin/sh'
SHIP_BINARIES_FALSE=''
SHIP_BINARIES_TRUE='#'
STRIP='strip'
<<<<<<< HEAD
USE_NLS='yes'
VERSION='0.6.21'
XGETTEXT=':'
ac_ct_AR='ar'
ac_ct_CC='gcc'
ac_ct_DUMPBIN=''
am__EXEEXT_FALSE='#'
am__EXEEXT_TRUE=''
=======
USE_NLS='no'
VERSION='0.6.21'
XGETTEXT='/usr/local/bin/xgettext'
ac_ct_AR='ar'
ac_ct_CC='gcc'
ac_ct_DUMPBIN=''
am__EXEEXT_FALSE=''
am__EXEEXT_TRUE='#'
>>>>>>> remotes/origin/cport
am__fastdepCC_FALSE='#'
am__fastdepCC_TRUE=''
am__include='include'
am__isrc=''
am__leading_dot='.'
am__quote=''
am__tar='${AMTAR} chof - "$$tardir"'
am__untar='${AMTAR} xf -'
bindir='${exec_prefix}/bin'
<<<<<<< HEAD
build='i686-pc-cygwin'
build_alias=''
build_cpu='i686'
build_os='cygwin'
build_vendor='pc'
=======
build='x86_64-apple-darwin12.3.0'
build_alias=''
build_cpu='x86_64'
build_os='darwin12.3.0'
build_vendor='apple'
>>>>>>> remotes/origin/cport
datadir='${datarootdir}'
datarootdir='${prefix}/share'
docdir='${prefix}/share/doc/libexif'
dvidir='${docdir}'
exec_prefix='${prefix}'
<<<<<<< HEAD
host='i686-pc-cygwin'
host_alias=''
host_cpu='i686'
host_os='cygwin'
host_vendor='pc'
htmldir='${docdir}'
includedir='${prefix}/include'
infodir='${datarootdir}/info'
install_sh='${SHELL} /cygdrive/c/Users/dev13/Downloads/libexif-0.6.21/install-sh'
=======
host='x86_64-apple-darwin12.3.0'
host_alias=''
host_cpu='x86_64'
host_os='darwin12.3.0'
host_vendor='apple'
htmldir='${docdir}'
includedir='${prefix}/include'
infodir='${datarootdir}/info'
install_sh='${SHELL} /Users/bion/projects/dca/drew-face/libexif-0.6.21/install-sh'
>>>>>>> remotes/origin/cport
libdir='${exec_prefix}/lib'
libexecdir='${exec_prefix}/libexec'
localedir='$(datadir)/locale'
localstatedir='${prefix}/var'
mandir='${datarootdir}/man'
<<<<<<< HEAD
mkdir_p='/usr/bin/mkdir -p'
=======
mkdir_p='$(top_builddir)/./install-sh -c -d'
>>>>>>> remotes/origin/cport
oldincludedir='/usr/include'
pdfdir='${docdir}'
prefix='/usr/local'
program_transform_name='s,x,x,'
psdir='${docdir}'
sbindir='${exec_prefix}/sbin'
sharedstatedir='${prefix}/com'
sysconfdir='${prefix}/etc'
target_alias=''

## ----------- ##
## confdefs.h. ##
## ----------- ##

/* confdefs.h */
#define PACKAGE_NAME "EXIF library"
#define PACKAGE_TARNAME "libexif"
#define PACKAGE_VERSION "0.6.21"
#define PACKAGE_STRING "EXIF library 0.6.21"
#define PACKAGE_BUGREPORT "libexif-devel@lists.sourceforge.net"
#define PACKAGE_URL ""
#define PACKAGE "libexif"
#define VERSION "0.6.21"
#define STDC_HEADERS 1
#define HAVE_SYS_TYPES_H 1
#define HAVE_SYS_STAT_H 1
#define HAVE_STDLIB_H 1
#define HAVE_STRING_H 1
#define HAVE_MEMORY_H 1
#define HAVE_STRINGS_H 1
#define HAVE_INTTYPES_H 1
#define HAVE_STDINT_H 1
#define HAVE_UNISTD_H 1
#define HAVE_DLFCN_H 1
#define LT_OBJDIR ".libs/"
<<<<<<< HEAD
#define ENABLE_NLS 1
#define HAVE_GETTEXT 1
#define HAVE_DCGETTEXT 1
=======
#define HAVE_ICONV 1
#define HAVE_ICONV 1
#define ICONV_CONST 
>>>>>>> remotes/origin/cport
#define HAVE_LOCALTIME_R 1

configure: exit 0
