Build started 4/4/2013 1:13:46 PM.
     1>Project "C:\Users\dev13\Downloads\jpeg-9\djpeg.vcxproj" on node 3 (Build target(s)).
     1>ClCompile:
         C:\Program Files (x86)\Microsoft Visual Studio 11.0\VC\bin\CL.exe /c /Zi /nologo /W3 /WX- /Ox /Oy /GT /GL /D WIN32 /D NDEBUG /D _CONSOLE /D _CRT_SECURE_NO_WARNINGS /Gm- /EHsc /MD /GS /Gy /fp:precise /Zc:wchar_t /Zc:forScope /Fo"djpeg\Release\\" /Fd"djpeg\Release\vc110.pdb" /Gd /TC /wd4996 /analyze- /errorReport:prompt cdjpeg.c djpeg.c rdcolmap.c wrbmp.c wrgif.c wrppm.c wrrle.c wrtarga.c
         cdjpeg.c
         djpeg.c
         rdcolmap.c
         wrbmp.c
         wrgif.c
         wrppm.c
         wrrle.c
         wrtarga.c
       Link:
         C:\Program Files (x86)\Microsoft Visual Studio 11.0\VC\bin\link.exe /ERRORREPORT:PROMPT /OUT:"djpeg\Release\djpeg.exe" /INCREMENTAL:NO /NOLOGO Release\jpeg.lib kernel32.lib user32.lib gdi32.lib winspool.lib comdlg32.lib advapi32.lib shell32.lib ole32.lib oleaut32.lib uuid.lib odbc32.lib odbccp32.lib kernel32.lib user32.lib gdi32.lib winspool.lib comdlg32.lib advapi32.lib shell32.lib ole32.lib oleaut32.lib uuid.lib odbc32.lib odbccp32.lib /MANIFEST /MANIFESTUAC:"level='asInvoker' uiAccess='false'" /manifest:embed /DEBUG /PDB:"djpeg\Release\djpeg.pdb" /SUBSYSTEM:CONSOLE /OPT:REF /OPT:ICF /LTCG /TLBID:1 /DYNAMICBASE /NXCOMPAT /IMPLIB:"djpeg\Release\djpeg.lib" /MACHINE:X86 /SAFESEH djpeg\Release\cdjpeg.obj
         djpeg\Release\djpeg.obj
         djpeg\Release\rdcolmap.obj
         djpeg\Release\wrbmp.obj
         djpeg\Release\wrgif.obj
         djpeg\Release\wrppm.obj
         djpeg\Release\wrrle.obj
         djpeg\Release\wrtarga.obj
         Generating code
         Finished generating code
         djpeg.vcxproj -> C:\Users\dev13\Downloads\jpeg-9\djpeg\Release\djpeg.exe
     1>Done Building Project "C:\Users\dev13\Downloads\jpeg-9\djpeg.vcxproj" (Build target(s)).

Build succeeded.

Time Elapsed 00:00:04.29
